[debug] [2021-09-08T19:17:51.761Z] ----------------------------------------------------------------------
[debug] [2021-09-08T19:17:51.772Z] Command:       C:\Program Files\nodejs\node.exe C:\Users\NOOR\AppData\Roaming\npm\node_modules\firebase-tools\lib\bin\firebase.js deploy
[debug] [2021-09-08T19:17:51.774Z] CLI Version:   9.17.0
[debug] [2021-09-08T19:17:51.775Z] Platform:      win32
[debug] [2021-09-08T19:17:51.775Z] Node Version:  v14.15.4
[debug] [2021-09-08T19:17:52.964Z] Time:          Thu Sep 09 2021 00:47:51 GMT+0530 (India Standard Time)
[debug] [2021-09-08T19:17:52.964Z] ----------------------------------------------------------------------
[debug] 
[debug] [2021-09-08T19:17:53.123Z] >>> [apiv2][query] GET https://firebase-public.firebaseio.com/cli.json [none]
[debug] [2021-09-08T19:17:54.176Z] > command requires scopes: ["email","openid","https://www.googleapis.com/auth/cloudplatformprojects.readonly","https://www.googleapis.com/auth/firebase","https://www.googleapis.com/auth/cloud-platform"]
[debug] [2021-09-08T19:17:54.179Z] > authorizing via signed-in user (noormuhammed14@gmail.com)
[debug] [2021-09-08T19:17:54.180Z] [iam] checking project myport-714d9 for permissions ["firebase.projects.get","firebasehosting.sites.update"]
[debug] [2021-09-08T19:17:54.186Z] > refreshing access token with scopes: ["email","https://www.googleapis.com/auth/cloud-platform","https://www.googleapis.com/auth/cloudplatformprojects.readonly","https://www.googleapis.com/auth/firebase","openid"]
[debug] [2021-09-08T19:17:54.187Z] >>> HTTP REQUEST POST https://www.googleapis.com/oauth2/v3/token  
 <request body omitted>
[debug] [2021-09-08T19:18:06.322Z] [iam] error while checking permissions, command may fail: FirebaseError: Authentication Error: Your credentials are no longer valid. Please run firebase login --reauth

For CI servers and headless environments, generate a new token with firebase login:ci
[debug] [2021-09-08T19:18:06.324Z] > refreshing access token with scopes: []
[debug] [2021-09-08T19:18:06.325Z] >>> HTTP REQUEST POST https://www.googleapis.com/oauth2/v3/token  
 <request body omitted>
[debug] [2021-09-08T19:18:18.386Z] Authentication Error: Your credentials are no longer valid. Please run firebase login --reauth

For CI servers and headless environments, generate a new token with firebase login:ci
[debug] [2021-09-08T19:18:27.377Z] FirebaseError: Authentication Error: Your credentials are no longer valid. Please run firebase login --reauth

For CI servers and headless environments, generate a new token with firebase login:ci
    at invalidCredentialError (C:\Users\NOOR\AppData\Roaming\npm\node_modules\firebase-tools\lib\auth.js:141:12)
    at refreshTokens (C:\Users\NOOR\AppData\Roaming\npm\node_modules\firebase-tools\lib\auth.js:448:15)
    at processTicksAndRejections (internal/process/task_queues.js:93:5)
    at async Client.getAccessToken (C:\Users\NOOR\AppData\Roaming\npm\node_modules\firebase-tools\lib\apiv2.js:144:23)
    at async Client.addAuthHeader (C:\Users\NOOR\AppData\Roaming\npm\node_modules\firebase-tools\lib\apiv2.js:135:21)
    at async Client.request (C:\Users\NOOR\AppData\Roaming\npm\node_modules\firebase-tools\lib\apiv2.js:93:34)
    at async Object.getFirebaseProject (C:\Users\NOOR\AppData\Roaming\npm\node_modules\firebase-tools\lib\management\projects.js:290:21)
    at async Object.getDefaultHostingSite (C:\Users\NOOR\AppData\Roaming\npm\node_modules\firebase-tools\lib\getDefaultHostingSite.js:8:21)
    at async requireHostingSite (C:\Users\NOOR\AppData\Roaming\npm\node_modules\firebase-tools\lib\requireHostingSite.js:9:18)
    at async Object.fn (C:\Users\NOOR\AppData\Roaming\npm\node_modules\firebase-tools\lib\commands\deploy.js:65:9)
    at async C:\Users\NOOR\AppData\Roaming\npm\node_modules\firebase-tools\lib\command.js:188:17
[error] 
[error] Error: Failed to get Firebase project myport-714d9. Please make sure the project exists and your account has permission to access it.
